<?xml version="1.0" encoding="UTF-8"?>
<testsuite name="com.groovy.test.JsonReaderTest" tests="1" skipped="0" failures="0" errors="0" timestamp="2017-03-15T16:30:05" hostname="NBLAP65" time="0.114">
  <properties/>
  <testcase name="testJsonReader" classname="com.groovy.test.JsonReaderTest" time="0.114"/>
  <system-out><![CDATA[[id:001000062805126, result:clear, status:complete, submittedAt:2017-02-17T14:58:22Z]
001000062805126
]]></system-out>
  <system-err><![CDATA[]]></system-err>
</testsuite>
